<?xml version="1.0" encoding="UTF-8"?>
<!-- Generated by org.testng.reporters.JUnitXMLReporter -->
<testsuite ignored="0" hostname="TAUSEEF" failures="0" tests="17" name="Default test" time="24.112" errors="0" timestamp="2022-10-10T12:33:02 PKT">
  <testcase classname="automation.AutomationPractice.HomePageTest" name="leftBannerImageVisibility" time="0.477"/>
  <testcase classname="automation.AutomationPractice.HomePageTest" name="leftBannerTitleVisibility" time="0.37"/>
  <testcase classname="automation.AutomationPractice.HomePageTest" name="leftBannerDescriptionVisibility" time="0.327"/>
  <testcase classname="automation.AutomationPractice.HomePageTest" name="leftBannerShopBTNVisibility" time="0.323"/>
  <testcase classname="automation.AutomationPractice.HomePageTest" name="rightUpBannerVisiblity" time="0.026"/>
  <testcase classname="automation.AutomationPractice.HomePageTest" name="rightDownBannerVisiblity" time="0.025"/>
  <testcase classname="automation.AutomationPractice.HomePageTest" name="productTabsVerification" time="0.74"/>
  <testcase classname="automation.AutomationPractice.HomePageTest" name="validateProductsTitle" time="0.354"/>
  <testcase classname="automation.AutomationPractice.HomePageTest" name="validateProductsPrice" time="0.129"/>
  <testcase classname="automation.AutomationPractice.HomePageTest" name="validateProductsImage" time="0.265"/>
  <testcase classname="automation.AutomationPractice.HomePageTest" name="validateProductQuickViewBtnHover" time="0.224"/>
  <testcase classname="automation.AutomationPractice.HomePageTest" name="quickViewValidateIMG" time="7.425"/>
  <testcase classname="automation.AutomationPractice.HomePageTest" name="quickView_ValidateIMG_BottomList" time="0.109"/>
  <testcase classname="automation.AutomationPractice.HomePageTest" name="quickView_Validate_product_Title" time="0.043"/>
  <testcase classname="automation.AutomationPractice.HomePageTest" name="quickView_Validate_product_SKU" time="0.031"/>
  <testcase classname="automation.AutomationPractice.HomePageTest" name="quickView_Validate_product_ConditionType" time="0.035"/>
  <testcase classname="automation.AutomationPractice.HomePageTest" name="quickView_Validate_product_DESC" time="0.038"/>
</testsuite> <!-- Default test -->
