<?xml version="1.0" encoding="UTF-8"?>
<!-- Generated by org.testng.reporters.JUnitXMLReporter -->
<testsuite ignored="1" hostname="TAUSEEF" failures="1" tests="1" name="cart" time="0.048" errors="0" timestamp="2022-10-24T17:17:06 PKT">
  <testcase classname="automation.AutomationPractice.CheckOutTest" name="Validate_Title" time="0.009">
    <failure type="java.lang.NullPointerException" message="Cannot invoke &amp;quot;pageObject.HeaderPageOB.getCartBtn()&amp;quot; because &amp;quot;this.hp&amp;quot; is null">
      <![CDATA[java.lang.NullPointerException: Cannot invoke "pageObject.HeaderPageOB.getCartBtn()" because "this.hp" is null
at automation.AutomationPractice.CheckOutTest.Validate_Title(CheckOutTest.java:45)
at java.base/java.util.ArrayList.forEach(ArrayList.java:1511)
... Removed 27 stack frames]]>
    </failure>
  </testcase> <!-- Validate_Title -->
  <testcase classname="automation.AutomationPractice.CheckOutTest" name="Validate_ProceedToCheckOutBtn" time="0.0">
    <ignored/>
  </testcase> <!-- Validate_ProceedToCheckOutBtn -->
</testsuite> <!-- cart -->
