<?xml version="1.0" encoding="UTF-8"?>
<!-- Generated by org.testng.reporters.JUnitXMLReporter -->
<testsuite ignored="1" hostname="TAUSEEF" failures="0" tests="25" name="Regression" time="31.937" errors="0" timestamp="2022-10-14T11:56:42 PKT">
  <testcase classname="automation.AutomationPractice.HomePageTest" name="leftBannerImageVisibility" time="0.468"/>
  <testcase classname="automation.AutomationPractice.HomePageTest" name="leftBannerTitleVisibility" time="0.4"/>
  <testcase classname="automation.AutomationPractice.HomePageTest" name="leftBannerDescriptionVisibility" time="0.373"/>
  <testcase classname="automation.AutomationPractice.HomePageTest" name="leftBannerShopBTNVisibility" time="0.364"/>
  <testcase classname="automation.AutomationPractice.HomePageTest" name="rightUpBannerVisiblity" time="0.029"/>
  <testcase classname="automation.AutomationPractice.HomePageTest" name="rightDownBannerVisiblity" time="0.037"/>
  <testcase classname="automation.AutomationPractice.HomePageTest" name="productTabsVerification" time="0.743"/>
  <testcase classname="automation.AutomationPractice.HomePageTest" name="validateProductsTitle" time="0.192"/>
  <testcase classname="automation.AutomationPractice.HomePageTest" name="validateProductsPrice" time="0.131"/>
  <testcase classname="automation.AutomationPractice.HomePageTest" name="validateProductsImage" time="0.247"/>
  <testcase classname="automation.AutomationPractice.HomePageTest" name="validateProductQuickViewBtnHover" time="0.212"/>
  <testcase classname="automation.AutomationPractice.HomePageTest" name="quickViewValidateIMG" time="4.303"/>
  <testcase classname="automation.AutomationPractice.HomePageTest" name="quickView_ValidateIMG_BottomList" time="0.099"/>
  <testcase classname="automation.AutomationPractice.HomePageTest" name="quickView_Validate_product_Title" time="0.038"/>
  <testcase classname="automation.AutomationPractice.HomePageTest" name="quickView_Validate_product_SKU" time="0.033"/>
  <testcase classname="automation.AutomationPractice.HomePageTest" name="quickView_Validate_product_ConditionType" time="0.034"/>
  <testcase classname="automation.AutomationPractice.HomePageTest" name="quickView_Validate_product_DESC" time="0.039"/>
  <testcase classname="automation.AutomationPractice.HomePageTest" name="quickView_Validate_Prices" time="0.065"/>
  <testcase classname="automation.AutomationPractice.HomePageTest" name="validateQuanitityLabel" time="0.036"/>
  <testcase classname="automation.AutomationPractice.HomePageTest" name="validate_quickView_Quanitity" time="0.633"/>
  <testcase classname="automation.AutomationPractice.HomePageTest" name="validate_quickView_Size" time="0.211"/>
  <testcase classname="automation.AutomationPractice.HomePageTest" name="validate_quickView_ProductColor" time="10.175"/>
  <testcase classname="automation.AutomationPractice.HomePageTest" name="validate_quickView_ProductAddCartBtn" time="0.151"/>
  <testcase classname="automation.AutomationPractice.HomePageTest" name="validate_quickView_Proceed_CheckoutBtn" time="2.004"/>
  <testcase classname="automation.AutomationPractice.HomePageTest" name="validate_quickView_continueShopBtn" time="0.164"/>
  <testcase classname="automation.AutomationPractice.HomePageTest" name="validate_quickView_CloseBtn" time="0.0">
    <ignored/>
  </testcase> <!-- validate_quickView_CloseBtn -->
</testsuite> <!-- Regression -->
