<?xml version="1.0" encoding="UTF-8"?>
<testng-results ignored="0" total="3" passed="2" failed="1" skipped="0">
  <reporter-output>
  </reporter-output>
  <suite started-at="2022-10-24T17:35:01 PKT" name="Default suite" finished-at="2022-10-24T17:35:24 PKT" duration-ms="22838">
    <groups>
      <group name="cart">
        <method signature="CheckOutTest.addToCart()[pri:1, instance:automation.AutomationPractice.CheckOutTest@37d4349f]" name="addToCart" class="automation.AutomationPractice.CheckOutTest"/>
      </group> <!-- cart -->
    </groups>
    <test started-at="2022-10-24T17:35:01 PKT" name="Default test" finished-at="2022-10-24T17:35:24 PKT" duration-ms="22838">
      <class name="automation.AutomationPractice.CheckOutTest">
        <test-method is-config="true" signature="initialization()[pri:0, instance:automation.AutomationPractice.CheckOutTest@37d4349f]" started-at="2022-10-24T17:35:01 PKT" name="initialization" finished-at="2022-10-24T17:35:12 PKT" duration-ms="10936" status="PASS">
          <reporter-output>
          </reporter-output>
        </test-method> <!-- initialization -->
        <test-method is-config="true" signature="waitMethod()[pri:0, instance:automation.AutomationPractice.CheckOutTest@37d4349f]" started-at="2022-10-24T17:35:12 PKT" name="waitMethod" finished-at="2022-10-24T17:35:12 PKT" duration-ms="20" status="PASS">
          <reporter-output>
          </reporter-output>
        </test-method> <!-- waitMethod -->
        <test-method signature="addToCart()[pri:1, instance:automation.AutomationPractice.CheckOutTest@37d4349f]" started-at="2022-10-24T17:35:12 PKT" name="addToCart" finished-at="2022-10-24T17:35:18 PKT" duration-ms="5319" status="PASS">
          <reporter-output>
          </reporter-output>
        </test-method> <!-- addToCart -->
        <test-method is-config="true" signature="waitMethod()[pri:0, instance:automation.AutomationPractice.CheckOutTest@37d4349f]" started-at="2022-10-24T17:35:18 PKT" name="waitMethod" finished-at="2022-10-24T17:35:18 PKT" duration-ms="15" status="PASS">
          <reporter-output>
          </reporter-output>
        </test-method> <!-- waitMethod -->
        <test-method signature="Validate_Title()[pri:2, instance:automation.AutomationPractice.CheckOutTest@37d4349f]" started-at="2022-10-24T17:35:18 PKT" name="Validate_Title" finished-at="2022-10-24T17:35:20 PKT" duration-ms="2258" status="FAIL">
          <exception class="java.lang.AssertionError">
            <message>
              <![CDATA[expected [Order - My Store] but found [true]]]>
            </message>
            <full-stacktrace>
              <![CDATA[java.lang.AssertionError: expected [Order - My Store] but found [true]
at org.testng.Assert.fail(Assert.java:99)
at org.testng.Assert.failNotEquals(Assert.java:1037)
at org.testng.Assert.assertEqualsImpl(Assert.java:140)
at org.testng.Assert.assertEquals(Assert.java:122)
at org.testng.Assert.assertEquals(Assert.java:617)
at automation.AutomationPractice.CheckOutTest.Validate_Title(CheckOutTest.java:67)
at java.base/jdk.internal.reflect.NativeMethodAccessorImpl.invoke0(Native Method)
at java.base/jdk.internal.reflect.NativeMethodAccessorImpl.invoke(NativeMethodAccessorImpl.java:77)
at java.base/jdk.internal.reflect.DelegatingMethodAccessorImpl.invoke(DelegatingMethodAccessorImpl.java:43)
at java.base/java.lang.reflect.Method.invoke(Method.java:568)
at org.testng.internal.MethodInvocationHelper.invokeMethod(MethodInvocationHelper.java:133)
at org.testng.internal.TestInvoker.invokeMethod(TestInvoker.java:598)
at org.testng.internal.TestInvoker.invokeTestMethod(TestInvoker.java:173)
at org.testng.internal.MethodRunner.runInSequence(MethodRunner.java:46)
at org.testng.internal.TestInvoker$MethodInvocationAgent.invoke(TestInvoker.java:824)
at org.testng.internal.TestInvoker.invokeTestMethods(TestInvoker.java:146)
at org.testng.internal.TestMethodWorker.invokeTestMethods(TestMethodWorker.java:146)
at org.testng.internal.TestMethodWorker.run(TestMethodWorker.java:128)
at java.base/java.util.ArrayList.forEach(ArrayList.java:1511)
at org.testng.TestRunner.privateRun(TestRunner.java:794)
at org.testng.TestRunner.run(TestRunner.java:596)
at org.testng.SuiteRunner.runTest(SuiteRunner.java:377)
at org.testng.SuiteRunner.runSequentially(SuiteRunner.java:371)
at org.testng.SuiteRunner.privateRun(SuiteRunner.java:332)
at org.testng.SuiteRunner.run(SuiteRunner.java:276)
at org.testng.SuiteRunnerWorker.runSuite(SuiteRunnerWorker.java:53)
at org.testng.SuiteRunnerWorker.run(SuiteRunnerWorker.java:96)
at org.testng.TestNG.runSuitesSequentially(TestNG.java:1212)
at org.testng.TestNG.runSuitesLocally(TestNG.java:1134)
at org.testng.TestNG.runSuites(TestNG.java:1063)
at org.testng.TestNG.run(TestNG.java:1031)
at org.testng.remote.AbstractRemoteTestNG.run(AbstractRemoteTestNG.java:115)
at org.testng.remote.RemoteTestNG.initAndRun(RemoteTestNG.java:251)
at org.testng.remote.RemoteTestNG.main(RemoteTestNG.java:77)
]]>
            </full-stacktrace>
          </exception> <!-- java.lang.AssertionError -->
          <reporter-output>
          </reporter-output>
        </test-method> <!-- Validate_Title -->
        <test-method is-config="true" signature="waitMethod()[pri:0, instance:automation.AutomationPractice.CheckOutTest@37d4349f]" started-at="2022-10-24T17:35:20 PKT" name="waitMethod" finished-at="2022-10-24T17:35:20 PKT" duration-ms="9" status="PASS">
          <reporter-output>
          </reporter-output>
        </test-method> <!-- waitMethod -->
        <test-method signature="Validate_ProceedToCheckOutBtn()[pri:3, instance:automation.AutomationPractice.CheckOutTest@37d4349f]" started-at="2022-10-24T17:35:20 PKT" name="Validate_ProceedToCheckOutBtn" finished-at="2022-10-24T17:35:24 PKT" duration-ms="4240" status="PASS">
          <reporter-output>
          </reporter-output>
        </test-method> <!-- Validate_ProceedToCheckOutBtn -->
      </class> <!-- automation.AutomationPractice.CheckOutTest -->
    </test> <!-- Default test -->
  </suite> <!-- Default suite -->
</testng-results>
